[INFO ][2019-12-28 19:37:19,891][org.hibernate.validator.internal.util.Version] :HV000001: Hibernate Validator 6.0.17.Final
[INFO ][2019-12-28 19:37:22,092][com.alibaba.druid.pool.DruidDataSource] :{dataSource-1} inited
[INFO ][2019-12-28 20:10:43,389][org.hibernate.validator.internal.util.Version] :HV000001: Hibernate Validator 6.0.17.Final
[INFO ][2019-12-28 20:10:45,896][com.alibaba.druid.pool.DruidDataSource] :{dataSource-1} inited
[INFO ][2019-12-29 17:19:45,569][org.hibernate.validator.internal.util.Version] :HV000001: Hibernate Validator 6.0.17.Final
[INFO ][2019-12-29 17:21:03,215][org.hibernate.validator.internal.util.Version] :HV000001: Hibernate Validator 6.0.17.Final
[INFO ][2019-12-29 17:21:06,300][com.alibaba.druid.pool.DruidDataSource] :{dataSource-1} inited
[INFO ][2019-12-29 17:25:11,367][org.hibernate.validator.internal.util.Version] :HV000001: Hibernate Validator 6.0.17.Final
[INFO ][2019-12-29 17:25:13,937][com.alibaba.druid.pool.DruidDataSource] :{dataSource-1} inited
[INFO ][2019-12-29 17:31:18,171][org.hibernate.validator.internal.util.Version] :HV000001: Hibernate Validator 6.0.17.Final
[INFO ][2019-12-29 17:31:20,974][com.alibaba.druid.pool.DruidDataSource] :{dataSource-1} inited
[INFO ][2019-12-29 17:36:45,427][com.alibaba.druid.pool.DruidDataSource] :{dataSource-1} closed
[INFO ][2019-12-29 17:36:50,100][org.hibernate.validator.internal.util.Version] :HV000001: Hibernate Validator 6.0.17.Final
[INFO ][2019-12-29 17:36:53,033][com.alibaba.druid.pool.DruidDataSource] :{dataSource-1} inited
[INFO ][2019-12-29 17:38:30,398][com.alibaba.druid.pool.DruidDataSource] :{dataSource-1} closed
[INFO ][2019-12-29 17:38:33,918][org.hibernate.validator.internal.util.Version] :HV000001: Hibernate Validator 6.0.17.Final
[INFO ][2019-12-29 17:38:36,628][com.alibaba.druid.pool.DruidDataSource] :{dataSource-1} inited
[INFO ][2019-12-29 17:39:06,462][com.alibaba.druid.pool.DruidDataSource] :{dataSource-1} closed
[INFO ][2019-12-29 17:39:21,835][org.hibernate.validator.internal.util.Version] :HV000001: Hibernate Validator 6.0.17.Final
[INFO ][2019-12-29 17:39:24,273][com.alibaba.druid.pool.DruidDataSource] :{dataSource-1} inited
[INFO ][2019-12-29 17:42:32,164][org.hibernate.validator.internal.util.Version] :HV000001: Hibernate Validator 6.0.17.Final
[INFO ][2019-12-29 17:42:34,926][com.alibaba.druid.pool.DruidDataSource] :{dataSource-1} inited
[INFO ][2019-12-29 18:01:17,108][org.hibernate.validator.internal.util.Version] :HV000001: Hibernate Validator 6.0.17.Final
[INFO ][2019-12-29 18:01:19,951][com.alibaba.druid.pool.DruidDataSource] :{dataSource-1} inited
[INFO ][2019-12-29 18:02:59,812][com.alibaba.druid.pool.DruidDataSource] :{dataSource-1} closed
[INFO ][2019-12-29 18:03:04,946][org.hibernate.validator.internal.util.Version] :HV000001: Hibernate Validator 6.0.17.Final
[INFO ][2019-12-29 18:03:07,616][com.alibaba.druid.pool.DruidDataSource] :{dataSource-1} inited
[INFO ][2019-12-29 18:11:37,562][com.alibaba.druid.pool.DruidDataSource] :{dataSource-1} closed
[INFO ][2019-12-29 18:11:45,181][org.hibernate.validator.internal.util.Version] :HV000001: Hibernate Validator 6.0.17.Final
[INFO ][2019-12-29 18:11:47,454][com.alibaba.druid.pool.DruidDataSource] :{dataSource-1} inited
[INFO ][2019-12-29 18:13:02,166][org.hibernate.validator.internal.util.Version] :HV000001: Hibernate Validator 6.0.17.Final
[INFO ][2019-12-29 18:13:04,556][com.alibaba.druid.pool.DruidDataSource] :{dataSource-1} inited
[INFO ][2019-12-29 18:20:48,536][org.hibernate.validator.internal.util.Version] :HV000001: Hibernate Validator 6.0.17.Final
[INFO ][2019-12-29 18:20:51,304][com.alibaba.druid.pool.DruidDataSource] :{dataSource-1} inited
[INFO ][2019-12-29 18:29:16,130][com.alibaba.druid.pool.DruidDataSource] :{dataSource-1} closed
[INFO ][2019-12-29 18:29:21,136][org.hibernate.validator.internal.util.Version] :HV000001: Hibernate Validator 6.0.17.Final
[INFO ][2019-12-29 18:29:23,710][com.alibaba.druid.pool.DruidDataSource] :{dataSource-1} inited
[INFO ][2019-12-29 18:33:57,102][org.hibernate.validator.internal.util.Version] :HV000001: Hibernate Validator 6.0.17.Final
[INFO ][2019-12-29 18:33:59,503][com.alibaba.druid.pool.DruidDataSource] :{dataSource-1} inited
[INFO ][2019-12-29 19:08:55,240][org.hibernate.validator.internal.util.Version] :HV000001: Hibernate Validator 6.0.17.Final
[INFO ][2019-12-29 19:08:58,087][com.alibaba.druid.pool.DruidDataSource] :{dataSource-1} inited
[INFO ][2019-12-29 19:22:40,438][org.hibernate.validator.internal.util.Version] :HV000001: Hibernate Validator 6.0.17.Final
[INFO ][2019-12-29 19:22:42,749][com.alibaba.druid.pool.DruidDataSource] :{dataSource-1} inited
[INFO ][2019-12-29 19:26:57,316][org.hibernate.validator.internal.util.Version] :HV000001: Hibernate Validator 6.0.17.Final
[INFO ][2019-12-29 19:27:00,114][com.alibaba.druid.pool.DruidDataSource] :{dataSource-1} inited
[INFO ][2019-12-29 19:28:13,796][com.alibaba.druid.pool.DruidDataSource] :{dataSource-1} closed
[INFO ][2019-12-29 19:28:19,385][org.hibernate.validator.internal.util.Version] :HV000001: Hibernate Validator 6.0.17.Final
[INFO ][2019-12-29 19:28:22,514][com.alibaba.druid.pool.DruidDataSource] :{dataSource-1} inited
[INFO ][2019-12-29 19:37:46,924][com.alibaba.druid.pool.DruidDataSource] :{dataSource-1} closed
[INFO ][2019-12-29 19:37:50,872][org.hibernate.validator.internal.util.Version] :HV000001: Hibernate Validator 6.0.17.Final
[INFO ][2019-12-29 19:37:53,440][com.alibaba.druid.pool.DruidDataSource] :{dataSource-1} inited
[INFO ][2020-01-09 17:51:46,651][org.hibernate.validator.internal.util.Version] :HV000001: Hibernate Validator 6.0.17.Final
[INFO ][2020-01-09 17:51:56,302][com.alibaba.druid.pool.DruidDataSource] :{dataSource-1} inited
[INFO ][2020-01-09 17:51:56,886][com.alibaba.druid.pool.DruidDataSource] :{dataSource-1} closed
[INFO ][2020-01-09 17:53:26,742][org.hibernate.validator.internal.util.Version] :HV000001: Hibernate Validator 6.0.17.Final
[INFO ][2020-01-09 17:53:29,597][com.alibaba.druid.pool.DruidDataSource] :{dataSource-1} inited
[INFO ][2020-01-09 18:08:08,778][org.hibernate.validator.internal.util.Version] :HV000001: Hibernate Validator 6.0.17.Final
[INFO ][2020-01-09 18:08:11,682][com.alibaba.druid.pool.DruidDataSource] :{dataSource-1} inited
[INFO ][2020-01-09 18:10:12,010][com.alibaba.druid.pool.DruidDataSource] :{dataSource-1} closed
2020-01-09 18:53:33.564 ERROR 18592 --- [main] o.s.b.SpringApplication                  : Application run failed

org.springframework.boot.context.properties.bind.BindException: Failed to bind properties under 'logging.level' to java.util.Map<java.lang.String, java.lang.String>
	at org.springframework.boot.context.properties.bind.Binder.handleBindError(Binder.java:242) ~[spring-boot-2.1.7.RELEASE.jar:2.1.7.RELEASE]
	at org.springframework.boot.context.properties.bind.Binder.bind(Binder.java:218) ~[spring-boot-2.1.7.RELEASE.jar:2.1.7.RELEASE]
	at org.springframework.boot.context.properties.bind.Binder.bind(Binder.java:202) ~[spring-boot-2.1.7.RELEASE.jar:2.1.7.RELEASE]
	at org.springframework.boot.context.properties.bind.Binder.bind(Binder.java:172) ~[spring-boot-2.1.7.RELEASE.jar:2.1.7.RELEASE]
	at org.springframework.boot.context.logging.LoggingApplicationListener.setLogLevels(LoggingApplicationListener.java:338) ~[spring-boot-2.1.7.RELEASE.jar:2.1.7.RELEASE]
	at org.springframework.boot.context.logging.LoggingApplicationListener.initializeFinalLoggingLevels(LoggingApplicationListener.java:314) ~[spring-boot-2.1.7.RELEASE.jar:2.1.7.RELEASE]
	at org.springframework.boot.context.logging.LoggingApplicationListener.initialize(LoggingApplicationListener.java:265) ~[spring-boot-2.1.7.RELEASE.jar:2.1.7.RELEASE]
	at org.springframework.boot.context.logging.LoggingApplicationListener.onApplicationEnvironmentPreparedEvent(LoggingApplicationListener.java:226) ~[spring-boot-2.1.7.RELEASE.jar:2.1.7.RELEASE]
	at org.springframework.boot.context.logging.LoggingApplicationListener.onApplicationEvent(LoggingApplicationListener.java:203) ~[spring-boot-2.1.7.RELEASE.jar:2.1.7.RELEASE]
	at org.springframework.context.event.SimpleApplicationEventMulticaster.doInvokeListener(SimpleApplicationEventMulticaster.java:172) ~[spring-context-5.1.9.RELEASE.jar:5.1.9.RELEASE]
	at org.springframework.context.event.SimpleApplicationEventMulticaster.invokeListener(SimpleApplicationEventMulticaster.java:165) ~[spring-context-5.1.9.RELEASE.jar:5.1.9.RELEASE]
	at org.springframework.context.event.SimpleApplicationEventMulticaster.multicastEvent(SimpleApplicationEventMulticaster.java:139) ~[spring-context-5.1.9.RELEASE.jar:5.1.9.RELEASE]
	at org.springframework.context.event.SimpleApplicationEventMulticaster.multicastEvent(SimpleApplicationEventMulticaster.java:127) ~[spring-context-5.1.9.RELEASE.jar:5.1.9.RELEASE]
	at org.springframework.boot.context.event.EventPublishingRunListener.environmentPrepared(EventPublishingRunListener.java:76) ~[spring-boot-2.1.7.RELEASE.jar:2.1.7.RELEASE]
	at org.springframework.boot.SpringApplicationRunListeners.environmentPrepared(SpringApplicationRunListeners.java:53) ~[spring-boot-2.1.7.RELEASE.jar:2.1.7.RELEASE]
	at org.springframework.boot.SpringApplication.prepareEnvironment(SpringApplication.java:341) [spring-boot-2.1.7.RELEASE.jar:2.1.7.RELEASE]
	at org.springframework.boot.SpringApplication.run(SpringApplication.java:305) [spring-boot-2.1.7.RELEASE.jar:2.1.7.RELEASE]
	at org.springframework.boot.SpringApplication.run(SpringApplication.java:1214) [spring-boot-2.1.7.RELEASE.jar:2.1.7.RELEASE]
	at org.springframework.boot.SpringApplication.run(SpringApplication.java:1203) [spring-boot-2.1.7.RELEASE.jar:2.1.7.RELEASE]
	at com.hsj.hotel.HotelWebApplication.main(HotelWebApplication.java:13) [classes/:?]
Caused by: org.springframework.core.convert.ConverterNotFoundException: No converter found capable of converting from type [java.lang.String] to type [java.util.Map<java.lang.String, java.lang.String>]
	at org.springframework.core.convert.support.GenericConversionService.handleConverterNotFound(GenericConversionService.java:321) ~[spring-core-5.1.9.RELEASE.jar:5.1.9.RELEASE]
	at org.springframework.core.convert.support.GenericConversionService.convert(GenericConversionService.java:194) ~[spring-core-5.1.9.RELEASE.jar:5.1.9.RELEASE]
	at org.springframework.boot.context.properties.bind.BindConverter$CompositeConversionService.convert(BindConverter.java:170) ~[spring-boot-2.1.7.RELEASE.jar:2.1.7.RELEASE]
	at org.springframework.boot.context.properties.bind.BindConverter.convert(BindConverter.java:96) ~[spring-boot-2.1.7.RELEASE.jar:2.1.7.RELEASE]
	at org.springframework.boot.context.properties.bind.BindConverter.convert(BindConverter.java:88) ~[spring-boot-2.1.7.RELEASE.jar:2.1.7.RELEASE]
	at org.springframework.boot.context.properties.bind.MapBinder.bindAggregate(MapBinder.java:64) ~[spring-boot-2.1.7.RELEASE.jar:2.1.7.RELEASE]
	at org.springframework.boot.context.properties.bind.AggregateBinder.bind(AggregateBinder.java:56) ~[spring-boot-2.1.7.RELEASE.jar:2.1.7.RELEASE]
	at org.springframework.boot.context.properties.bind.Binder.lambda$bindAggregate$2(Binder.java:293) ~[spring-boot-2.1.7.RELEASE.jar:2.1.7.RELEASE]
	at org.springframework.boot.context.properties.bind.Binder$Context.withIncreasedDepth(Binder.java:429) ~[spring-boot-2.1.7.RELEASE.jar:2.1.7.RELEASE]
	at org.springframework.boot.context.properties.bind.Binder$Context.access$100(Binder.java:372) ~[spring-boot-2.1.7.RELEASE.jar:2.1.7.RELEASE]
	at org.springframework.boot.context.properties.bind.Binder.bindAggregate(Binder.java:293) ~[spring-boot-2.1.7.RELEASE.jar:2.1.7.RELEASE]
	at org.springframework.boot.context.properties.bind.Binder.bindObject(Binder.java:254) ~[spring-boot-2.1.7.RELEASE.jar:2.1.7.RELEASE]
	at org.springframework.boot.context.properties.bind.Binder.bind(Binder.java:214) ~[spring-boot-2.1.7.RELEASE.jar:2.1.7.RELEASE]
	... 18 more

